[    0.000000] Initializing cgroup subsys cpuset
[    0.000000] Initializing cgroup subsys cpu
[    0.000000] Initializing cgroup subsys cpuacct
[    0.000000] Linux version 4.4.0-165-generic (buildd@lgw01-amd64-027) (gcc version 5.4.0 20160609 (Ubuntu 5.4.0-6ubuntu1~16.04.10) ) #193-Ubuntu SMP Tue Sep 17 17:42:52 UTC 2019 (Ubuntu 4.4.0-165.193-generic 4.4.189)
[    0.000000] Command line: BOOT_IMAGE=/boot/vmlinuz-4.4.0-165-generic root=LABEL=cloudimg-rootfs ro console=tty1 console=ttyS0
[    0.000000] KERNEL supported cpus:
[    0.000000]   Intel GenuineIntel
[    0.000000]   AMD AuthenticAMD
[    0.000000]   Centaur CentaurHauls
[    0.000000] x86/fpu: xstate_offset[2]:  576, xstate_sizes[2]:  256
[    0.000000] x86/fpu: Supporting XSAVE feature 0x01: 'x87 floating point registers'
[    0.000000] x86/fpu: Supporting XSAVE feature 0x02: 'SSE registers'
[    0.000000] x86/fpu: Supporting XSAVE feature 0x04: 'AVX registers'
[    0.000000] x86/fpu: Enabled xstate features 0x7, context size is 832 bytes, using 'standard' format.
[    0.000000] e820: BIOS-provided physical RAM map:
[    0.000000] BIOS-e820: [mem 0x0000000000000000-0x000000000009fbff] usable
[    0.000000] BIOS-e820: [mem 0x000000000009fc00-0x000000000009ffff] reserved
[    0.000000] BIOS-e820: [mem 0x00000000000f0000-0x00000000000fffff] reserved
[    0.000000] BIOS-e820: [mem 0x0000000000100000-0x000000003ffeffff] usable
[    0.000000] BIOS-e820: [mem 0x000000003fff0000-0x000000003fffffff] ACPI data
[    0.000000] BIOS-e820: [mem 0x00000000fec00000-0x00000000fec00fff] reserved
[    0.000000] BIOS-e820: [mem 0x00000000fee00000-0x00000000fee00fff] reserved
[    0.000000] BIOS-e820: [mem 0x00000000fffc0000-0x00000000ffffffff] reserved
[    0.000000] NX (Execute Disable) protection: active
[    0.000000] SMBIOS 2.5 present.
[    0.000000] Hypervisor detected: KVM
[    0.000000] e820: last_pfn = 0x3fff0 max_arch_pfn = 0x400000000
[    0.000000] MTRR: Disabled
[    0.000000] x86/PAT: MTRRs disabled, skipping PAT initialization too.
[    0.000000] CPU MTRRs all blank - virtualized system.
[    0.000000] x86/PAT: Configuration [0-7]: WB  WT  UC- UC  WB  WT  UC- UC  
[    0.000000] found SMP MP-table at [mem 0x0009fff0-0x0009ffff] mapped at [ffff88000009fff0]
[    0.000000] Scanning 1 areas for low memory corruption
[    0.000000] RAMDISK: [mem 0x362fa000-0x37174fff]
[    0.000000] ACPI: Early table checksum verification disabled
[    0.000000] ACPI: RSDP 0x00000000000E0000 000024 (v02 VBOX  )
[    0.000000] ACPI: XSDT 0x000000003FFF0030 00003C (v01 VBOX   VBOXXSDT 00000001 ASL  00000061)
[    0.000000] ACPI: FACP 0x000000003FFF00F0 0000F4 (v04 VBOX   VBOXFACP 00000001 ASL  00000061)
[    0.000000] ACPI: DSDT 0x000000003FFF0470 0022EA (v02 VBOX   VBOXBIOS 00000002 INTL 20100528)
[    0.000000] ACPI: FACS 0x000000003FFF0200 000040
[    0.000000] ACPI: FACS 0x000000003FFF0200 000040
[    0.000000] ACPI: APIC 0x000000003FFF0240 00005C (v02 VBOX   VBOXAPIC 00000001 ASL  00000061)
[    0.000000] ACPI: SSDT 0x000000003FFF02A0 0001CC (v01 VBOX   VBOXCPUT 00000002 INTL 20100528)
[    0.000000] No NUMA configuration found
[    0.000000] Faking a node at [mem 0x0000000000000000-0x000000003ffeffff]
[    0.000000] NODE_DATA(0) allocated [mem 0x3ffeb000-0x3ffeffff]
[    0.000000] kvm-clock: Using msrs 4b564d01 and 4b564d00
[    0.000000] kvm-clock: cpu 0, msr 0:3ffe3001, primary cpu clock
[    0.000000] kvm-clock: using sched offset of 4324905107 cycles
[    0.000000] clocksource: kvm-clock: mask: 0xffffffffffffffff max_cycles: 0x1cd42e4dffb, max_idle_ns: 881590591483 ns
[    0.000000] Zone ranges:
[    0.000000]   DMA      [mem 0x0000000000001000-0x0000000000ffffff]
[    0.000000]   DMA32    [mem 0x0000000001000000-0x000000003ffeffff]
[    0.000000]   Normal   empty
[    0.000000]   Device   empty
[    0.000000] Movable zone start for each node
[    0.000000] Early memory node ranges
[    0.000000]   node   0: [mem 0x0000000000001000-0x000000000009efff]
[    0.000000]   node   0: [mem 0x0000000000100000-0x000000003ffeffff]
[    0.000000] Initmem setup node 0 [mem 0x0000000000001000-0x000000003ffeffff]
[    0.000000] ACPI: PM-Timer IO Port: 0x4008
[    0.000000] IOAPIC[0]: apic_id 2, version 32, address 0xfec00000, GSI 0-23
[    0.000000] ACPI: INT_SRC_OVR (bus 0 bus_irq 0 global_irq 2 dfl dfl)
[    0.000000] ACPI: INT_SRC_OVR (bus 0 bus_irq 9 global_irq 9 low level)
[    0.000000] Using ACPI (MADT) for SMP configuration information
[    0.000000] smpboot: Allowing 2 CPUs, 0 hotplug CPUs
[    0.000000] PM: Registered nosave memory: [mem 0x00000000-0x00000fff]
[    0.000000] PM: Registered nosave memory: [mem 0x0009f000-0x0009ffff]
[    0.000000] PM: Registered nosave memory: [mem 0x000a0000-0x000effff]
[    0.000000] PM: Registered nosave memory: [mem 0x000f0000-0x000fffff]
[    0.000000] e820: [mem 0x40000000-0xfebfffff] available for PCI devices
[    0.000000] Booting paravirtualized kernel on KVM
[    0.000000] clocksource: refined-jiffies: mask: 0xffffffff max_cycles: 0xffffffff, max_idle_ns: 7645519600211568 ns
[    0.000000] setup_percpu: NR_CPUS:512 nr_cpumask_bits:512 nr_cpu_ids:2 nr_node_ids:1
[    0.000000] PERCPU: Embedded 34 pages/cpu @ffff88003fc00000 s99544 r8192 d31528 u1048576
[    0.000000] Built 1 zonelists in Node order, mobility grouping on.  Total pages: 257912
[    0.000000] Policy zone: DMA32
[    0.000000] Kernel command line: BOOT_IMAGE=/boot/vmlinuz-4.4.0-165-generic root=LABEL=cloudimg-rootfs ro console=tty1 console=ttyS0
[    0.000000] PID hash table entries: 4096 (order: 3, 32768 bytes)
[    0.000000] Memory: 997732K/1048120K available (8621K kernel code, 1335K rwdata, 4032K rodata, 1484K init, 1284K bss, 50388K reserved, 0K cma-reserved)
[    0.000000] SLUB: HWalign=64, Order=0-3, MinObjects=0, CPUs=2, Nodes=1
[    0.000000] Kernel/User page tables isolation: enabled
[    0.000000] Hierarchical RCU implementation.
[    0.000000] 	Build-time adjustment of leaf fanout to 64.
[    0.000000] 	RCU restricting CPUs from NR_CPUS=512 to nr_cpu_ids=2.
[    0.000000] RCU: Adjusting geometry for rcu_fanout_leaf=64, nr_cpu_ids=2
[    0.000000] NR_IRQS:33024 nr_irqs:440 16
[    0.000000] Console: colour VGA+ 80x25
[    0.000000] console [tty1] enabled
[    0.000000] console [ttyS0] enabled
[    0.000000] tsc: Detected 2712.000 MHz processor
[    0.295910] Calibrating delay loop (skipped) preset value.. 5424.00 BogoMIPS (lpj=10848000)
[    0.298468] pid_max: default: 32768 minimum: 301
[    0.299709] ACPI: Core revision 20150930
[    0.303332] ACPI: 2 ACPI AML tables successfully acquired and loaded
[    0.305646] Security Framework initialized
[    0.307143] Yama: becoming mindful.
[    0.308517] AppArmor: AppArmor initialized
[    0.310126] Dentry cache hash table entries: 131072 (order: 8, 1048576 bytes)
[    0.329868] Inode-cache hash table entries: 65536 (order: 7, 524288 bytes)
[    0.332274] Mount-cache hash table entries: 2048 (order: 2, 16384 bytes)
[    0.334343] Mountpoint-cache hash table entries: 2048 (order: 2, 16384 bytes)
[    0.336722] Initializing cgroup subsys io
[    0.338137] Initializing cgroup subsys memory
[    0.339687] Initializing cgroup subsys devices
[    0.340999] Initializing cgroup subsys freezer
[    0.342296] Initializing cgroup subsys net_cls
[    0.343869] Initializing cgroup subsys perf_event
[    0.345811] Initializing cgroup subsys net_prio
[    0.347401] Initializing cgroup subsys hugetlb
[    0.348960] Initializing cgroup subsys pids
[    0.352550] mce: CPU supports 0 MCE banks
[    0.354242] Last level iTLB entries: 4KB 64, 2MB 8, 4MB 8
[    0.356578] Last level dTLB entries: 4KB 64, 2MB 0, 4MB 0, 1GB 4
[    0.358511] Spectre V1 : Mitigation: usercopy/swapgs barriers and __user pointer sanitization
[    0.361836] Spectre V2 : Mitigation: Full generic retpoline
[    0.363804] Spectre V2 : Spectre v2 / SpectreRSB mitigation: Filling RSB on context switch
[    0.366748] Speculative Store Bypass: Vulnerable
[    0.368575] MDS: Vulnerable: Clear CPU buffers attempted, no microcode
[    0.375429] Freeing SMP alternatives memory: 36K
[    0.387455] ftrace: allocating 32318 entries in 127 pages
[    0.506184] smpboot: APIC(0) Converting physical 0 to logical package 0
[    0.508093] smpboot: Max logical packages: 1
[    0.510175] x2apic enabled
[    0.511823] Switched APIC routing to physical x2apic.
[    0.515319] ..TIMER: vector=0x30 apic1=0 pin1=2 apic2=-1 pin2=-1
[    0.622851] smpboot: CPU0: Intel(R) Core(TM) i5-7200U CPU @ 2.50GHz (family: 0x6, model: 0x8e, stepping: 0x9)
[    0.626101] Performance Events: unsupported p6 CPU model 142 no PMU driver, software events only.
[    0.643623] KVM setup paravirtual spinlock
[    0.645918] x86: Booting SMP configuration:
[    0.647710] .... node  #0, CPUs:      #1
[    0.649292] kvm-clock: cpu 1, msr 0:3ffe3041, secondary cpu clock
[    0.653569] mce: CPU supports 0 MCE banks
[    0.656609] x86: Booted up 1 node, 2 CPUs
[    0.658455] smpboot: Total of 2 processors activated (10848.00 BogoMIPS)
[    0.661338] devtmpfs: initialized
[    0.664599] evm: security.selinux
[    0.665749] evm: security.SMACK64
[    0.666825] evm: security.SMACK64EXEC
[    0.667952] evm: security.SMACK64TRANSMUTE
[    0.669141] evm: security.SMACK64MMAP
[    0.670382] evm: security.ima
[    0.671453] evm: security.capability
[    0.673071] clocksource: jiffies: mask: 0xffffffff max_cycles: 0xffffffff, max_idle_ns: 7645041785100000 ns
[    0.675927] futex hash table entries: 512 (order: 3, 32768 bytes)
[    0.677867] pinctrl core: initialized pinctrl subsystem
[    0.679690] RTC time: 10:25:04, date: 10/09/19
[    0.681573] NET: Registered protocol family 16
[    0.696928] cpuidle: using governor ladder
[    0.709706] cpuidle: using governor menu
[    0.711641] PCCT header not found.
[    0.713143] ACPI: bus type PCI registered
[    0.714603] acpiphp: ACPI Hot Plug PCI Controller Driver version: 0.5
[    0.716960] PCI: Using configuration type 1 for base access
[    0.733000] ACPI: Added _OSI(Module Device)
[    0.734818] ACPI: Added _OSI(Processor Device)
[    0.736488] ACPI: Added _OSI(3.0 _SCP Extensions)
[    0.738106] ACPI: Added _OSI(Processor Aggregator Device)
[    0.741338] ACPI: Executed 1 blocks of module-level executable AML code
[    0.747372] ACPI: Interpreter enabled
[    0.748813] ACPI: (supports S0 S5)
[    0.750108] ACPI: Using IOAPIC for interrupt routing
[    0.752208] PCI: Using host bridge windows from ACPI; if necessary, use "pci=nocrs" and report a bug
[    0.761188] ACPI: PCI Root Bridge [PCI0] (domain 0000 [bus 00-ff])
[    0.762958] acpi PNP0A03:00: _OSC: OS supports [ASPM ClockPM Segments MSI]
[    0.765467] acpi PNP0A03:00: _OSC: not requesting OS control; OS requires [ExtendedConfig ASPM ClockPM MSI]
[    0.768231] acpi PNP0A03:00: fail to add MMCONFIG information, can't access extended PCI configuration space under this bridge.
[    0.772529] PCI host bridge to bus 0000:00
[    0.773932] pci_bus 0000:00: root bus resource [io  0x0000-0x0cf7 window]
[    0.775805] pci_bus 0000:00: root bus resource [io  0x0d00-0xffff window]
[    0.778174] pci_bus 0000:00: root bus resource [mem 0x000a0000-0x000bffff window]
[    0.780499] pci_bus 0000:00: root bus resource [mem 0x40000000-0xfdffffff window]
[    0.782883] pci_bus 0000:00: root bus resource [bus 00-ff]
[    0.786975] pci 0000:00:01.1: legacy IDE quirk: reg 0x10: [io  0x01f0-0x01f7]
[    0.789380] pci 0000:00:01.1: legacy IDE quirk: reg 0x14: [io  0x03f6]
[    0.791593] pci 0000:00:01.1: legacy IDE quirk: reg 0x18: [io  0x0170-0x0177]
[    0.794211] pci 0000:00:01.1: legacy IDE quirk: reg 0x1c: [io  0x0376]
[    0.855712] pci 0000:00:07.0: quirk: [io  0x4000-0x403f] claimed by PIIX4 ACPI
[    0.858886] pci 0000:00:07.0: quirk: [io  0x4100-0x410f] claimed by PIIX4 SMB
[    0.870658] ACPI: PCI Interrupt Link [LNKA] (IRQs 5 9 10 *11)
[    0.874628] ACPI: PCI Interrupt Link [LNKB] (IRQs 5 9 *10 11)
[    0.877307] ACPI: PCI Interrupt Link [LNKC] (IRQs 5 *9 10 11)
[    0.880196] ACPI: PCI Interrupt Link [LNKD] (IRQs 5 9 10 *11)
[    0.883057] ACPI: Enabled 2 GPEs in block 00 to 07
[    0.885766] vgaarb: setting as boot device: PCI:0000:00:02.0
[    0.888007] vgaarb: device added: PCI:0000:00:02.0,decodes=io+mem,owns=io+mem,locks=none
[    0.891074] vgaarb: loaded
[    0.892305] vgaarb: bridge control possible 0000:00:02.0
[    0.894562] SCSI subsystem initialized
[    0.896121] ACPI: bus type USB registered
[    0.897816] usbcore: registered new interface driver usbfs
[    0.900061] usbcore: registered new interface driver hub
[    0.902451] usbcore: registered new device driver usb
[    0.905066] PCI: Using ACPI for IRQ routing
[    0.907190] NetLabel: Initializing
[    0.908645] NetLabel:  domain hash size = 128
[    0.910446] NetLabel:  protocols = UNLABELED CIPSOv4
[    0.932326] NetLabel:  unlabeled traffic allowed by default
[    0.934291] amd_nb: Cannot enumerate AMD northbridges
[    0.936849] clocksource: Switched to clocksource kvm-clock
[    0.990917] AppArmor: AppArmor Filesystem Enabled
[    0.993135] pnp: PnP ACPI init
[    0.995498] pnp: PnP ACPI: found 3 devices
[    1.014861] clocksource: acpi_pm: mask: 0xffffff max_cycles: 0xffffff, max_idle_ns: 2085701024 ns
[    1.017949] NET: Registered protocol family 2
[    1.019666] TCP established hash table entries: 8192 (order: 4, 65536 bytes)
[    1.021887] TCP bind hash table entries: 8192 (order: 5, 131072 bytes)
[    1.024166] TCP: Hash tables configured (established 8192 bind 8192)
[    1.026271] UDP hash table entries: 512 (order: 2, 16384 bytes)
[    1.029320] UDP-Lite hash table entries: 512 (order: 2, 16384 bytes)
[    1.031298] NET: Registered protocol family 1
[    1.032716] pci 0000:00:00.0: Limiting direct PCI/PCI transfers
[    1.034791] pci 0000:00:01.0: Activating ISA DMA hang workarounds
[    1.036905] Unpacking initramfs...
[    1.699655] Freeing initrd memory: 14828K
[    1.701228] clocksource: tsc: mask: 0xffffffffffffffff max_cycles: 0x2717868ea45, max_idle_ns: 440795316085 ns
[    1.704052] platform rtc_cmos: registered platform RTC device (no PNP device found)
[    1.706350] Scanning for low memory corruption every 60 seconds
[    1.708980] audit: initializing netlink subsys (disabled)
[    1.711215] audit: type=2000 audit(1570616710.555:1): initialized
[    1.713625] Initialise system trusted keyring
[    1.715259] HugeTLB registered 2 MB page size, pre-allocated 0 pages
[    1.719335] zbud: loaded
[    1.720920] VFS: Disk quotas dquot_6.6.0
[    1.722441] VFS: Dquot-cache hash table entries: 512 (order 0, 4096 bytes)
[    1.724802] squashfs: version 4.0 (2009/01/31) Phillip Lougher
[    1.727222] fuse init (API version 7.23)
[    1.729311] Key type big_key registered
[    1.730986] Allocating IMA MOK and blacklist keyrings.
[    1.737491] Key type asymmetric registered
[    1.739235] Asymmetric key parser 'x509' registered
[    1.741160] Block layer SCSI generic (bsg) driver version 0.4 loaded (major 249)
[    1.744844] io scheduler noop registered
[    1.746100] io scheduler deadline registered (default)
[    1.747568] io scheduler cfq registered
[    1.749316] pci_hotplug: PCI Hot Plug PCI Core version: 0.5
[    1.751567] pciehp: PCI Express Hot Plug Controller Driver version: 0.4
[    1.753670] ACPI: AC Adapter [AC] (off-line)
[    1.755115] input: Power Button as /devices/LNXSYSTM:00/LNXPWRBN:00/input/input0
[    1.757418] ACPI: Power Button [PWRF]
[    1.758701] input: Sleep Button as /devices/LNXSYSTM:00/LNXSLPBN:00/input/input1
[    1.760849] ACPI: Sleep Button [SLPF]
[    1.763000] ACPI: Battery Slot [BAT0] (battery present)
[    1.764625] GHES: HEST is not enabled!
[    1.765937] Serial: 8250/16550 driver, 32 ports, IRQ sharing enabled
[    1.789537] 00:02: ttyS0 at I/O 0x3f8 (irq = 4, base_baud = 115200) is a 16550A
[    1.793673] Linux agpgart interface v0.103
[    1.801904] loop: module loaded
[    1.803880] scsi host0: ata_piix
[    1.805131] scsi host1: ata_piix
[    1.806217] ata1: PATA max UDMA/33 cmd 0x1f0 ctl 0x3f6 bmdma 0xd000 irq 14
[    1.807962] ata2: PATA max UDMA/33 cmd 0x170 ctl 0x376 bmdma 0xd008 irq 15
[    1.809877] libphy: Fixed MDIO Bus: probed
[    1.811732] tun: Universal TUN/TAP device driver, 1.6
[    1.813183] tun: (C) 1999-2004 Max Krasnyansky <maxk@qualcomm.com>
[    1.814890] PPP generic driver version 2.4.2
[    1.816110] ehci_hcd: USB 2.0 'Enhanced' Host Controller (EHCI) Driver
[    1.817723] ehci-pci: EHCI PCI platform driver
[    1.818997] ehci-platform: EHCI generic platform driver
[    1.820315] ohci_hcd: USB 1.1 'Open' Host Controller (OHCI) Driver
[    1.822288] ohci-pci: OHCI PCI platform driver
[    1.823593] ohci-platform: OHCI generic platform driver
[    1.824941] uhci_hcd: USB Universal Host Controller Interface driver
[    1.826605] i8042: PNP: PS/2 Controller [PNP0303:PS2K,PNP0f03:PS2M] at 0x60,0x64 irq 1,12
[    1.830013] serio: i8042 KBD port at 0x60,0x64 irq 1
[    1.831890] serio: i8042 AUX port at 0x60,0x64 irq 12
[    1.833368] mousedev: PS/2 mouse device common for all mice
[    1.836177] rtc_cmos rtc_cmos: rtc core: registered rtc_cmos as rtc0
[    1.838966] input: AT Translated Set 2 keyboard as /devices/platform/i8042/serio0/input/input2
[    1.841866] rtc_cmos rtc_cmos: alarms up to one day, 114 bytes nvram
[    1.843940] i2c /dev entries driver
[    1.845392] device-mapper: uevent: version 1.0.3
[    1.846962] device-mapper: ioctl: 4.34.0-ioctl (2015-10-28) initialised: dm-devel@redhat.com
[    1.849453] ledtrig-cpu: registered to indicate activity on CPUs
[    1.851706] NET: Registered protocol family 10
[    1.853376] NET: Registered protocol family 17
[    1.854736] Key type dns_resolver registered
[    1.856336] registered taskstats version 1
[    1.858189] Loading compiled-in X.509 certificates
[    1.860225] Loaded X.509 cert 'Build time autogenerated kernel key: 0ed82eac04367aa6426493b1389455ebf6830eaa'
[    1.862937] zswap: loaded using pool lzo/zbud
[    1.867169] Key type trusted registered
[    1.873953] Key type encrypted registered
[    1.875147] AppArmor: AppArmor sha1 policy hashing enabled
[    1.876643] ima: No TPM chip found, activating TPM-bypass!
[    1.878515] ima: Allocated hash algorithm: sha1
[    1.879921] evm: HMAC attrs: 0x1
[    1.881503]   Magic number: 7:135:426
[    1.882906] rtc_cmos rtc_cmos: setting system clock to 2019-10-09 10:25:05 UTC (1570616705)
[    1.886324] BIOS EDD facility v0.16 2004-Jun-25, 0 devices found
[    1.888320] EDD information not available.
[    1.968158] Freeing unused kernel memory: 1484K
[    1.972036] Write protecting the kernel read-only data: 14336k
[    1.978214] Freeing unused kernel memory: 1608K
[    1.982465] Freeing unused kernel memory: 64K
Loading, please wait...
starting version 229
[    2.028767] random: systemd-udevd: uninitialized urandom read (16 bytes read, 5 bits of entropy available)
[    2.031932] random: udevadm: uninitialized urandom read (16 bytes read, 5 bits of entropy available)
[    2.032005] random: udevadm: uninitialized urandom read (16 bytes read, 5 bits of entropy available)
[    2.056399] random: systemd-udevd: uninitialized urandom read (16 bytes read, 5 bits of entropy available)
[    2.060471] random: udevadm: uninitialized urandom read (16 bytes read, 5 bits of entropy available)
[    2.060557] random: udevadm: uninitialized urandom read (16 bytes read, 5 bits of entropy available)
[    2.060860] random: udevadm: uninitialized urandom read (16 bytes read, 5 bits of entropy available)
[    2.061029] random: udevadm: uninitialized urandom read (16 bytes read, 5 bits of entropy available)
[    2.061140] random: udevadm: uninitialized urandom read (16 bytes read, 5 bits of entropy available)
[    2.061345] random: udevadm: uninitialized urandom read (16 bytes read, 5 bits of entropy available)
[    2.150553] e1000: Intel(R) PRO/1000 Network Driver - version 7.3.21-k8-NAPI
[    2.153465] e1000: Copyright (c) 1999-2006 Intel Corporation.
[    2.155404] Fusion MPT base driver 3.04.20
[    2.157160] Copyright (c) 1999-2008 LSI Corporation
[    2.177841] Fusion MPT SPI Host driver 3.04.20
[    2.206225] AVX2 version of gcm_enc/dec engaged.
[    2.208585] AES CTR mode by8 optimization enabled
[    2.378986] input: ImExPS/2 Generic Explorer Mouse as /devices/platform/i8042/serio1/input/input4
[    2.652084] e1000 0000:00:03.0 eth0: (PCI:33MHz:32-bit) 02:0e:9b:2d:5b:92
[    2.654461] e1000 0000:00:03.0 eth0: Intel(R) PRO/1000 Network Connection
[    2.658616] e1000 0000:00:03.0 enp0s3: renamed from eth0
[    2.660826] mptbase: ioc0: Initiating bringup
[    2.730194] ioc0: LSI53C1030 A0: Capabilities={Initiator}
[    2.900871] scsi host2: ioc0: LSI53C1030 A0, FwRev=00000000h, Ports=1, MaxQ=256, IRQ=20
[    3.018327] scsi 2:0:0:0: Direct-Access     VBOX     HARDDISK         1.0  PQ: 0 ANSI: 5
[    3.025160] scsi target2:0:0: Beginning Domain Validation
[    3.036050] scsi target2:0:0: Domain Validation skipping write tests
[    3.042930] scsi target2:0:0: Ending Domain Validation
[    3.049656] scsi target2:0:0: asynchronous
[    3.057152] scsi 2:0:1:0: Direct-Access     VBOX     HARDDISK         1.0  PQ: 0 ANSI: 5
[    3.066957] scsi target2:0:1: Beginning Domain Validation
[    3.080195] scsi target2:0:1: Domain Validation skipping write tests
[    3.086081] scsi target2:0:1: Ending Domain Validation
[    3.092467] scsi target2:0:1: asynchronous
[    3.147628] sd 2:0:0:0: [sda] 20971520 512-byte logical blocks: (10.7 GB/10.0 GiB)
[    3.147633] sd 2:0:0:0: Attached scsi generic sg0 type 0
[    3.149093] sd 2:0:1:0: Attached scsi generic sg1 type 0
[    3.157870] sd 2:0:1:0: [sdb] 20480 512-byte logical blocks: (10.5 MB/10.0 MiB)
[    3.158382] sd 2:0:0:0: [sda] Write Protect is off
[    3.158695] sd 2:0:0:0: [sda] Incomplete mode parameter data
[    3.158698] sd 2:0:0:0: [sda] Assuming drive cache: write through
[    3.162133]  sda: sda1
[    3.163472] sd 2:0:0:0: [sda] Attached SCSI disk
[    3.179233] sd 2:0:1:0: [sdb] Write Protect is off
[    3.182550] sd 2:0:1:0: [sdb] Incomplete mode parameter data
[    3.185563] sd 2:0:1:0: [sdb] Assuming drive cache: write through
[    3.197469] sd 2:0:1:0: [sdb] Attached SCSI disk
Begin: Loading essential drivers ... [    5.118534] md: linear personality registered for level -1
[    5.123304] md: multipath personality registered for level -4
[    5.128198] md: raid0 personality registered for level 0
[    5.134483] md: raid1 personality registered for level 1
[    5.208984] raid6: sse2x1   gen()  5766 MB/s
[    5.277038] raid6: sse2x1   xor()  4803 MB/s
[    5.345019] raid6: sse2x2   gen()  8528 MB/s
[    5.413254] raid6: sse2x2   xor()  5480 MB/s
[    5.481218] raid6: sse2x4   gen()  8908 MB/s
[    5.548987] raid6: sse2x4   xor()  5866 MB/s
[    5.616983] raid6: avx2x1   gen() 11467 MB/s
[    5.685677] raid6: avx2x2   gen() 10813 MB/s
[    5.752937] raid6: avx2x4   gen() 11910 MB/s
[    5.754733] raid6: using algorithm avx2x4 gen() 11910 MB/s
[    5.756975] raid6: using avx2x2 recovery algorithm
[    5.760476] xor: automatically using best checksumming function:
[    5.800858]    avx       : 12983.000 MB/sec
[    5.804854] async_tx: api initialized (async)
[    5.824682] md: raid6 personality registered for level 6
[    5.827296] md: raid5 personality registered for level 5
[    5.829295] md: raid4 personality registered for level 4
[    5.840150] md: raid10 personality registered for level 10
done.
Begin: Running /scripts/init-premount ... done.
Begin: Mounting root file system ... Begin: Running /scripts/local-top ... done.
Begin: Running /scripts/local-premount ... [    5.884603] Btrfs loaded
Scanning for Btrfs filesystems
done.
Warning: fsck not present, so skipping root file system
[    5.934855] EXT4-fs (sda1): mounted filesystem with ordered data mode. Opts: (null)
done.
Begin: Running /scripts/local-bottom ... done.
Begin: Running /scripts/init-bottom ... done.
[    6.079241] systemd[1]: systemd 229 running in system mode. (+PAM +AUDIT +SELINUX +IMA +APPARMOR +SMACK +SYSVINIT +UTMP +LIBCRYPTSETUP +GCRYPT +GNUTLS +ACL +XZ -LZ4 +SECCOMP +BLKID +ELFUTILS +KMOD -IDN)
[    6.085144] systemd[1]: Detected virtualization oracle.
[    6.087535] systemd[1]: Detected architecture x86-64.

Welcome to [1mUbuntu 16.04.6 LTS[0m!

[    6.092753] systemd[1]: Set hostname to <ubuntu>.
[    6.096670] systemd[1]: Initializing machine ID from random generator.
[    6.098609] systemd[1]: Installed transient /etc/machine-id file.
[    6.391468] systemd[1]: Started Trigger resolvconf update for networkd DNS.
[[0;32m  OK  [0m] Started Trigger resolvconf update for networkd DNS.
[    6.400810] systemd[1]: Listening on udev Control Socket.
[[0;32m  OK  [0m] Listening on udev Control Socket.
[    6.411057] systemd[1]: Listening on Journal Audit Socket.
[[0;32m  OK  [0m] Listening on Journal Audit Socket.
[    6.425729] systemd[1]: Listening on Device-mapper event daemon FIFOs.
[[0;32m  OK  [0m] Listening on Device-mapper event daemon FIFOs.
[    6.434990] systemd[1]: Listening on Journal Socket (/dev/log).
[[0;32m  OK  [0m] Listening on Journal Socket (/dev/log).
[    6.443715] systemd[1]: Listening on Journal Socket.
[[0;32m  OK  [0m] Listening on Journal Socket.
[    6.457485] systemd[1]: Reached target Encrypted Volumes.
[[0;32m  OK  [0m] Reached target Encrypted Volumes.
[    6.465319] systemd[1]: Listening on Syslog Socket.
[[0;32m  OK  [0m] Listening on Syslog Socket.
[    6.472960] systemd[1]: Reached target User and Group Name Lookups.
[[0;32m  OK  [0m] Reached target User and Group Name Lookups.
[    6.482536] systemd[1]: Reached target System Time Synchronized.
[[0;32m  OK  [0m] Reached target System Time Synchronized.
[    6.491498] systemd[1]: Listening on /dev/initctl Compatibility Named Pipe.
[[0;32m  OK  [0m] Listening on /dev/initctl Compatibility Named Pipe.
[    6.500481] systemd[1]: Reached target Swap.
[[0;32m  OK  [0m] Reached target Swap.
[    6.506483] systemd[1]: Set up automount Arbitrary Executable File Formats File System Automount Point.
[[0;32m  OK  [0m] Set up automount Arbitrary Executab...ats File System Automount Point.
[    6.526139] systemd[1]: Started Forward Password Requests to Wall Directory Watch.
[[0;32m  OK  [0m] Started Forward Password Requests to Wall Directory Watch.
[    6.536412] systemd[1]: Listening on udev Kernel Socket.
[[0;32m  OK  [0m] Listening on udev Kernel Socket.
[    6.550599] systemd[1]: Listening on LVM2 metadata daemon socket.
[[0;32m  OK  [0m] Listening on LVM2 metadata daemon socket.
[    6.559849] systemd[1]: Created slice System Slice.
[[0;32m  OK  [0m] Created slice System Slice.
[    6.594345] systemd[1]: Starting Load Kernel Modules...
         Starting Load Kernel Modules...
[    6.607408] systemd[1]: Starting Monitoring of LVM2 mirrors, snapshots etc. using dmeventd or progress polling...
         Starting Monitoring of LVM2 mirrors... dmeventd or progress polling...
[    6.633700] systemd[1]: Mounting Huge Pages File System...
         Mounting Huge Pages File System...
[    6.653301] Loading iSCSI transport class v2.0-870.
[    6.696412] iscsi: registered transport (tcp)
[    6.697217] systemd[1]: Starting Set console keymap...
         Starting Set console keymap...
[    6.708234] systemd[1]: Starting Nameserver information manager...
         Starting Nameserver information manager...
[    6.746303] systemd[1]: Starting Remount Root and Kernel File Systems...
         Starting Remount Root and Kernel File Systems...
[    6.762041] systemd[1]: Mounting POSIX Message Queue File System...
         Mounting POSIX Message Queue File System...
[    6.775009] systemd[1]: Starting Uncomplicated firewall...
         Starting Uncomplicated firewall...[    6.787796] EXT4-fs (sda1): re-mounted. Opts: (null)

[    6.801388] systemd[1]: Starting Journal Service...
         Starting Journal Service...
[    6.813055] systemd[1]: Starting Create list of required static device nodes for the current kernel...
         Starting Create list of required st... nodes for the current kernel...
[    6.859014] systemd[1]: Created slice system-serial\x2dgetty.slice.
[[0;32m  OK  [0m] Created slice system-serial\x2dgetty.slice.
[    6.881468] iscsi: registered transport (iser)
[    6.885080] systemd[1]: Mounting Debug File System...
         Mounting Debug File System...
[    6.897458] systemd[1]: Listening on LVM2 poll daemon socket.
[[0;32m  OK  [0m] Listening on LVM2 poll daemon socket.
[    6.905163] systemd[1]: Created slice User and Session Slice.
[[0;32m  OK  [0m] Created slice User and Session Slice.
[    6.910601] systemd[1]: Reached target Slices.
[[0;32m  OK  [0m] Reached target Slices.
[    6.918122] systemd[1]: Mounted POSIX Message Queue File System.
[[0;32m  OK  [0m] Mounted POSIX Message Queue File System.
[    6.924072] systemd[1]: Mounted Debug File System.
[[    6.926550] random: nonblocking pool is initialized
[0;32m  OK  [0m] Mounted Debug File System.
[    6.930351] systemd[1]: Mounted Huge Pages File System.
[[0;32m  OK  [0m] Mounted Huge Pages File System.
[    6.935333] systemd[1]: Started Journal Service.
[[0;32m  OK  [0m] Started Journal Service.
[[0;32m  OK  [0m] Started Load Kernel Modules.
[[0;32m  OK  [0m] Started Set console keymap.
[[0;32m  OK  [0m] Started Remount Root and Kernel File Systems.
[[0;32m  OK  [0m] Started Uncomplicated firewall.
[[0;32m  OK  [0m] Started Create list of required sta...ce nodes for the current kernel.
[[0;32m  OK  [0m] Started Nameserver information manager.
[[0;32m  OK  [0m] Started LVM2 metadata daemon.
         Starting Create Static Device Nodes in /dev...
         Starting udev Coldplug all Devices...
         Starting Load/Save Random Seed...
         Starting Apply Kernel Variables...
         Mounting FUSE Control File System...
         Starting Flush Journal to Persistent Storage...
[[0;32m  OK  [0m] Mounted FUSE Control File System.
[[0;32m  OK  [0m] Started Create Static Device Nodes in /dev.
[[0;32m  OK  [0m] Started Load/Save Random Seed.
[[0;32m  OK  [0m] Started Apply Kernel Variables.
[[0;32m  OK  [0m] Started udev Coldplug all Devices.
[[0;32m  OK  [0m] Started Monitoring of LVM2 mirrors,...ng dmeventd or progress polling.
[[0;32m  OK  [0m] Started Flush Journal to Persistent Storage.
         Starting udev Kernel Device Manager...
[[0;32m  OK  [0m] Reached target Local File Systems (Pre).
[[0;32m  OK  [0m] Reached target Local File Systems.
         Starting LSB: AppArmor initialization...
         Starting Create Volatile Files and Directories...
         Starting Initial cloud-init job (pre-networking)...
         Starting Set console font and keymap...
         Starting Commit a transient machine-id on disk...
         Starting Tell Plymouth To Write Out Runtime Data...
[[0;32m  OK  [0m] Started Create Volatile Files and Directories.
[[0;32m  OK  [0m] Started Tell Plymouth To Write Out Runtime Data.
[[0;32m  OK  [0m] Started Commit a transient machine-id on disk.
         Starting Update UTMP about System Boot/Shutdown...
[[0;32m  OK  [0m] Started udev Kernel Device Manager.
[[0;32m  OK  [0m] Started Dispatch Password Requests to Console Directory Watch.
[[0;32m  OK  [0m] Started Update UTMP about System Boot/Shutdown.
[[0;32m  OK  [0m] Found device /dev/ttyS0.
[[0;32m  OK  [0m] Listening on Load/Save RF Kill Switch Status /dev/rfkill Watch.
[    9.511831] cloud-init[471]: Cloud-init v. 19.2-36-g059d049c-0ubuntu1~16.04.1 running 'init-local' at Wed, 09 Oct 2019 10:25:12 +0000. Up 8.81 seconds.
[[0;32m  OK  [0m] Started Initial cloud-init job (pre-networking).
[[0;32m  OK  [0m] Reached target Network (Pre).
[[0;32m  OK  [0m] Started LSB: AppArmor initialization.
         Starting Raise network interfaces...
[[0;32m  OK  [0m] Started Set console font and keymap.
[[0;32m  OK  [0m] Created slice system-getty.slice.
[[0;32m  OK  [0m] Started Raise network interfaces.
         Starting Initial cloud-init job (metadata service crawler)...
[[0;32m  OK  [0m] Reached target Network.
[   13.379565] cloud-init[952]: Cloud-init v. 19.2-36-g059d049c-0ubuntu1~16.04.1 running 'init' at Wed, 09 Oct 2019 10:25:16 +0000. Up 12.19 seconds.
[   13.386790] cloud-init[952]: ci-info: +++++++++++++++++++++++++++++++++++++Net device info++++++++++++++++++++++++++++++++++++++
[   13.393162] cloud-init[952]: ci-info: +--------+------+---------------------------+---------------+--------+-------------------+
[   13.405351] cloud-init[952]: ci-info: | Device |  Up  |          Address          |      Mask     | Scope  |     Hw-Address    |
[   13.411588] cloud-init[952]: ci-info: +--------+------+---------------------------+---------------+--------+-------------------+
[   13.417738] cloud-init[952]: ci-info: | enp0s3 | True |         10.0.2.15         | 255.255.255.0 | global | 02:0e:9b:2d:5b:92 |
[   13.422687] cloud-init[952]: ci-info: | enp0s3 | True | fe80::e:9bff:fe2d:5b92/64 |       .       |  link  | 02:0e:9b:2d:5b:92 |
[   13.433705] cloud-init[952]: ci-info: |   lo   | True |         127.0.0.1         |   255.0.0.0   |  host  |         .         |
[   13.441027] cloud-init[952]: ci-info: |   lo   | True |          ::1/128          |       .       |  host  |         .         |
[   13.457171] cloud-init[952]: ci-info: +--------+------+---------------------------+---------------+--------+-------------------+
[   13.469673] cloud-init[952]: ci-info: +++++++++++++++++++++++++++Route IPv4 info++++++++++++++++++++++++++++
[   13.475406] cloud-init[952]: ci-info: +-------+-------------+----------+---------------+-----------+-------+
[   13.480667] cloud-init[952]: ci-info: | Route | Destination | Gateway  |    Genmask    | Interface | Flags |
[   13.486260] cloud-init[952]: ci-info: +-------+-------------+----------+---------------+-----------+-------+
[   13.492654] cloud-init[952]: ci-info: |   0   |   0.0.0.0   | 10.0.2.2 |    0.0.0.0    |   enp0s3  |   UG  |
[   13.505220] cloud-init[952]: ci-info: |   1   |   10.0.2.0  | 0.0.0.0  | 255.255.255.0 |   enp0s3  |   U   |
[   13.517996] cloud-init[952]: ci-info: +-------+-------------+----------+---------------+-----------+-------+
[   13.526785] cloud-init[952]: ci-info: +++++++++++++++++++Route IPv6 info+++++++++++++++++++
[   13.534895] cloud-init[952]: ci-info: +-------+-------------+---------+-----------+-------+
[   13.543179] cloud-init[952]: ci-info: | Route | Destination | Gateway | Interface | Flags |
[   13.550993] cloud-init[952]: ci-info: +-------+-------------+---------+-----------+-------+
[   13.557461] cloud-init[952]: ci-info: |   0   |  fe80::/64  |    ::   |   enp0s3  |   U   |
[   13.564719] cloud-init[952]: ci-info: |   3   |   ff00::/8  |    ::   |   enp0s3  |   U   |
[   13.570126] cloud-init[952]: ci-info: +-------+-------------+---------+-----------+-------+
[   13.574078] cloud-init[952]: Generating public/private rsa key pair.
[   13.577680] cloud-init[952]: Your identification has been saved in /etc/ssh/ssh_host_rsa_key.
[   13.582301] cloud-init[952]: Your public key has been saved in /etc/ssh/ssh_host_rsa_key.pub.
[   13.587229] cloud-init[952]: The key fingerprint is:
[   13.590767] cloud-init[952]: SHA256:VGmoDDwYJKedbS7b5PQJHYPhrS0jDeNoNC+k1SnUXZg root@ubuntu-xenial
[   13.597133] cloud-init[952]: The key's randomart image is:
[   13.599535] cloud-init[952]: +---[RSA 2048]----+
[   13.602380] cloud-init[952]: |..==.. +....     |
[   13.604538] cloud-init[952]: | *.===E ..o      |
[   13.606446] cloud-init[952]: |.+B B++...       |
[   13.608228] cloud-init[952]: |++oB +o+         |
[   13.610544] cloud-init[952]: |oo+.X o S        |
[   13.612858] cloud-init[952]: |. .O = .         |
[   13.615323] cloud-init[952]: |  . o o          |
[   13.617724] cloud-init[952]: |                 |
[   13.619975] cloud-init[952]: |                 |
[   13.628972] cloud-init[952]: +----[SHA256]-----+
[   13.630346] cloud-init[952]: Generating public/private dsa key pair.
[   13.632513] cloud-init[952]: Your identification has been saved in /etc/ssh/ssh_host_dsa_key.
[   13.634796] cloud-init[952]: Your public key has been saved in /etc/ssh/ssh_host_dsa_key.pub.
[   13.636853] cloud-init[952]: The key fingerprint is:
[   13.638373] cloud-init[952]: SHA256:0Mph7MNtGPhEb9USBJi4AZ+r3rvt11nBiCAhNbrsiKg root@ubuntu-xenial
[   13.642843] cloud-init[952]: The key's randomart image is:
[   13.648352] cloud-init[952]: +---[DSA 1024]----+
[   13.650606] cloud-init[952]: |  oo+o.o.o+o     |
[   13.653970] cloud-init[952]: |   ++*+o .. .    |
[   13.656270] cloud-init[952]: |  . ++B.+. +     |
[   13.659289] cloud-init[952]: | . ..O O. . o    |
[   13.660949] cloud-init[952]: |  o . O S    .   |
[   13.662473] cloud-init[952]: |oo .   o    .    |
[   13.663961] cloud-init[952]: |+ o      . o     |
[   13.665615] cloud-init[952]: |.. . .  . o      |
[   13.667000] cloud-init[952]: |E . ++o.         |
[   13.668558] cloud-init[952]: +----[SHA256]-----+
[   13.670824] cloud-init[952]: Generating public/private ecdsa key pair.
[   13.672726] cloud-init[952]: Your identification has been saved in /etc/ssh/ssh_host_ecdsa_key.
[   13.674803] cloud-init[952]: Your public key has been saved in /etc/ssh/ssh_host_ecdsa_key.pub.
[   13.676933] cloud-init[952]: The key fingerprint is:
[   13.678941] cloud-init[952]: SHA256:JiM8M/fu/3MgTgUEBIe0by3iE1QVMfxNCU/8nMMH5JU root@ubuntu-xenial
[   13.683751] cloud-init[952]: The key's randomart image is:
[   13.686299] cloud-init[952]: +---[ECDSA 256]---+
[   13.689553] cloud-init[952]: |     .o+==*o.+o.o|
[   13.691633] cloud-init[952]: |      .+  o. +=E |
[   13.693562] cloud-init[952]: |      o    o o++.|
[   13.696420] cloud-init[952]: |   . . . .  o .++|
[[0;32m  OK  [0m] Started Initial cloud-init job (metadata service crawler).
[[0;32m  OK  [0m] Reached target Network is Online.
[   13.699919] cloud-init[952]: |    * * S ..    o|
[   13.704727] cloud-init[952]: |     B O .o .    |
[   13.713285]          Starting iSCSI initiator daemon (iscsid)...
[[0;32m  OK  [0m] Reached target System Initialization.
[[0;32m  OK  [0m] Listening on UUID daemon activation socket.
[[0;32m  OK  [0m] Started Daily Cleanup of Temporary Directories.
[[0;32m  OK  [0m] Started Daily apt download activities.
[[0;32m  OK  [0m] Started Daily apt upgrade and clean activities.
cloud-init[952]: |      o .o . .   |
[   13.721062] [cloud-init[0;32m  OK  [0m[952]: ] |       o  . . .  |Reached target Timers.

[   13.723421] [[0;32m  OK  [0m] Listening on D-Bus System Message Bus Socket.
cloud-init[952]: |       .o....o   |
[[0;32m  OK  [0m] Started ACPI Events Check.
[[0;32m  OK  [0m] Reached target Paths.
         Starting Socket activation for snappy daemon.
[[0;32m  OK  [0m] Listening on ACPID Listen Socket.
[   13.727913] cloud-init[952]: +----[SHA256]-----+         Starting LXD - unix socket.
[[0;32m  OK  [0m] Reached target Cloud-config availability.
[[0;32m  OK  [0m] Listening on Socket activation for snappy daemon.

[   13.738356] cloud-init[952]: Generating public/private ed25519 key pair.
[   13.742767] cloud-init[952]: Your identification has been saved in /etc/ssh/ssh_host_ed25519_key.
[   13.745590] cloud-init[952]: [[0;32m  OK  [0m] Listening on LXD - unix socket.
Your public key has been saved in /etc/ssh/ssh_host_ed25519_key.pub.
[   13.751169] cloud-init[952]: The key fingerprint is:
[   13.752657] cloud-init[952]: SHA256:BVTnCCOJx3WnVOvWggYGZlpdsEjWRcfGyTcfC82byWI root@ubuntu-xenial[[0;32m  OK  [0m] Started iSCSI initiator daemon (iscsid).

[   13.754940] cloud-init[952]: The key's randomart image is:
[   13.756367] cloud-init[952]: +--[ED25519 256]--+
[   13.757572] cloud-init[952]: |     oO*B*B==.o  |
[   13.759104]          Starting Login to default iSCSI targets...
[[0;32m  OK  [0m] Reached target Sockets.
[[0;32m  OK  [0m] Reached target Basic System.
cloud-init[952]: |    .B++oB B*oo+ |
[   13.762040] cloud-init[952]: |    ... + +.o.oo*|         Starting Pollinate to seed the pseudo random number generator...
         Starting Virtualbox guest utils...
         Starting /etc/rc.local Compatibility...

[[0;32m  OK  [0m] Started Regular background program processing daemon.
[[0;32m  OK  [0m] Started D-Bus System Message Bus.
[   13.777671] cloud-init[952]: |       . o o E *.|
[   13.782603] cloud-init[952]: |        S o = o  |
[   13.784816] cloud-init[952]: |         . . .   |
[   13.786447] cloud-init[952]: |                 |
[   13.789252] cloud-init[952]: |                 |
[   13.790911] cloud-init[952]: |                 |
[   13.791975] cloud-init[952]: +----[SHA256]-----+
[[0;32m  OK  [0m] Started FUSE filesystem for LXC.
[[0;32m  OK  [0m] Started Deferred execution scheduler.
         Starting Accounts Service...
         Starting System Logging Service...
         Starting LXD - container startup/shutdown...
         Starting Snappy daemon...
[[0;32m  OK  [0m] Started ACPI event daemon.
         Starting Login Service...
         Starting LSB: Record successful boot for GRUB...
         Starting LSB: MD monitoring daemon...
[[0;32m  OK  [0m] Started /etc/rc.local Compatibility.
[[0;32m  OK  [0m] Started System Logging Service.
[[0;32m  OK  [0m] Started Login to default iSCSI targets.
[[0;32m  OK  [0m] Reached target Remote File Systems (Pre).
[[0;32m  OK  [0m] Reached target Remote File Systems.
         Starting LSB: daemon to balance interrupts for SMP systems...
         Starting Permit User Sessions...
         Starting LSB: Set the CPU Frequency Scaling governor to "ondemand"...
         Starting LSB: automatic crash report generation...
[[0;32m  OK  [0m] Started LSB: Record successful boot for GRUB.
[[0;32m  OK  [0m] Started Permit User Sessions.
[[0;32m  OK  [0m] Started Login Service.
[[0;32m  OK  [0m] Started LSB: MD monitoring daemon.
         Starting Authenticate and Authorize Users to Run Privileged Tasks...
[[0;32m  OK  [0m] Started Unattended Upgrades Shutdown.
         Starting Terminate Plymouth Boot Screen...
         Starting Hold until boot process finishes up...
[[0;32m  OK  [0m] Started LSB: Set the CPU Frequency Scaling governor to "ondemand".
[[0;32m  OK  [0m] Started Hold until boot process finishes up.
[[0;32m  OK  [0m] Started Terminate Plymouth Boot Screen.
[[0;32m  OK  [0m] Started LSB: automatic crash report generation.
[[0;32m  OK  [0m] Started LSB: daemon to balance interrupts for SMP systems.
         Starting Set console scheme...
[[0;32m  OK  [0m] Started Serial Getty on ttyS0.
[[0;32m  OK  [0m] Started Getty on tty1.
[[0;32m  OK  [0m] Reached target Login Prompts.
[[0;32m  OK  [0m] Started Virtualbox guest utils.
[[0;32m  OK  [0m] Started Set console scheme.
[[0;32m  OK  [0m] Started Authenticate and Authorize Users to Run Privileged Tasks.
[[0;32m  OK  [0m] Started Accounts Service.
[[0;32m  OK  [0m] Started LXD - container startup/shutdown.
[[0;32m  OK  [0m] Started Pollinate to seed the pseudo random number generator.
         Starting OpenBSD Secure Shell server...
[[0;32m  OK  [0m] Started OpenBSD Secure Shell server.
[[0;32m  OK  [0m] Started Snappy daemon.
         Starting Wait until snapd is fully seeded...
[[0;32m  OK  [0m] Started Wait until snapd is fully seeded.
         Starting Apply the settings specified in cloud-config...
[[0;32m  OK  [0m] Reached target Multi-User System.
[[0;32m  OK  [0m] Reached target Graphical Interface.
         Starting Update UTMP about System Runlevel Changes...
[[0;32m  OK  [0m] Started Update UTMP about System Runlevel Changes.
[   16.704730] cloud-init[1312]: Generating locales (this might take a while)...
[[0;32m  OK  [0m] Created slice User Slice of vagrant.
         Starting User Manager for UID 1000...
[[0;32m  OK  [0m] Started Session 1 of user vagrant.
[[0;32m  OK  [0m] Started User Manager for UID 1000.
[   18.687933] cloud-init[1312]:   en_US.UTF-8... done
[   18.692283] cloud-init[1312]: Generation complete.
[   19.288987] cloud-init[1312]: Cloud-init v. 19.2-36-g059d049c-0ubuntu1~16.04.1 running 'modules:config' at Wed, 09 Oct 2019 10:25:20 +0000. Up 16.42 seconds.

Ubuntu 16.04.6 LTS ubuntu-xenial ttyS0

ubuntu-xenial login: ci-info: no authorized ssh keys fingerprints found for user ubuntu.
<14>Oct  9 10:25:24 ec2: 
<14>Oct  9 10:25:24 ec2: #############################################################
<14>Oct  9 10:25:24 ec2: -----BEGIN SSH HOST KEY FINGERPRINTS-----
<14>Oct  9 10:25:24 ec2: 1024 SHA256:0Mph7MNtGPhEb9USBJi4AZ+r3rvt11nBiCAhNbrsiKg root@ubuntu-xenial (DSA)
<14>Oct  9 10:25:24 ec2: 256 SHA256:JiM8M/fu/3MgTgUEBIe0by3iE1QVMfxNCU/8nMMH5JU root@ubuntu-xenial (ECDSA)
<14>Oct  9 10:25:24 ec2: 256 SHA256:BVTnCCOJx3WnVOvWggYGZlpdsEjWRcfGyTcfC82byWI root@ubuntu-xenial (ED25519)
<14>Oct  9 10:25:24 ec2: 2048 SHA256:VGmoDDwYJKedbS7b5PQJHYPhrS0jDeNoNC+k1SnUXZg root@ubuntu-xenial (RSA)
<14>Oct  9 10:25:24 ec2: -----END SSH HOST KEY FINGERPRINTS-----
<14>Oct  9 10:25:24 ec2: #############################################################
-----BEGIN SSH HOST KEY KEYS-----
ecdsa-sha2-nistp256 AAAAE2VjZHNhLXNoYTItbmlzdHAyNTYAAAAIbmlzdHAyNTYAAABBBGGI3OcLa/zNcg1unNaO75IFEE8da/79cvIroIkRnqddnuYhT2vzqOowm7L+I3aCV5skjyh2d6EeurwBnSlG5sA= root@ubuntu-xenial
ssh-ed25519 AAAAC3NzaC1lZDI1NTE5AAAAICiEiq6gs5qsHe5P3KBX805nx8ROX2Up40pbdgkgdhyL root@ubuntu-xenial
ssh-rsa AAAAB3NzaC1yc2EAAAADAQABAAABAQD6hbPUnY6VoL1gZMZzLgc/EwwDY81AOslQGy5aE/ycXAsz025SoJnsRLKUJn/m0CEONi77OqsnyHaqIrbQvQBg/VFkKr9F+Ultw9tSO5hTXsNgfpymTXQoINXjhe8ofBxCPWVBkmxngLxR5OFz4aTK38fRfnO6KVZxB0dBP3yR4+r4R2lIGXEdoqQLJB9QAFUzxFuMpPMbdBHKETxa2A6/Bp0Af0NznFQzH9+UEiQBSsXcDsMYdR66vJnFx9u4zeFnmivbs8/Plmhee6NH9Ao1gd+lTsrKwUPX/ZqLFcsotZxRDLXcZZxWFrhZBqfjm4Lleze1D5zXiqQTjcTyrTTD root@ubuntu-xenial
-----END SSH HOST KEY KEYS-----
[   20.533505] cloud-init[1430]: Cloud-init v. 19.2-36-g059d049c-0ubuntu1~16.04.1 running 'modules:final' at Wed, 09 Oct 2019 10:25:24 +0000. Up 20.13 seconds.
[   20.533784] cloud-init[1430]: ci-info: no authorized ssh keys fingerprints found for user ubuntu.
[   20.534551] cloud-init[1430]: Cloud-init v. 19.2-36-g059d049c-0ubuntu1~16.04.1 finished at Wed, 09 Oct 2019 10:25:24 +0000. Datasource DataSourceNoCloud [seed=/dev/sdb][dsmode=net].  Up 20.51 seconds
